<?xml version="1.0" encoding="UTF-8"?>
<robot generator="Robot 4.1 (Python 3.9.7 on win32)" generated="20210907 20:32:15.093" rpa="false" schemaversion="2">
<suite id="s1" name="Tests" source="C:\Users\Moolya\source\repos\Python\assignment7\tests">
<suite id="s1-s1" name="Testcase" source="C:\Users\Moolya\source\repos\Python\assignment7\tests\testcase.robot">
<test id="s1-s1-t1" name="observe user is able to test sanity flow">
<kw name="Given User Launch Browser for Flipkart">
<kw name="Open Browser" library="SeleniumLibrary">
<arg>https://www.flipkart.com/</arg>
<arg>gc</arg>
<doc>Opens a new browser instance to the optional ``url``.</doc>
<msg timestamp="20210907 20:32:15.501" level="INFO">Opening browser 'gc' to base url 'https://www.flipkart.com/'.</msg>
<status status="PASS" starttime="20210907 20:32:15.501" endtime="20210907 20:32:21.132"/>
</kw>
<status status="PASS" starttime="20210907 20:32:15.501" endtime="20210907 20:32:21.132"/>
</kw>
<kw name="when User lands on Homepage Enter MobileNumber and Password">
<kw name="Input Text" library="SeleniumLibrary">
<arg>xpath:/html/body/div[2]/div/div/div/div/div[2]/div/form/div[1]/input</arg>
<arg>8660101596</arg>
<doc>Types the given ``text`` into the text field identified by ``locator``.</doc>
<msg timestamp="20210907 20:32:21.132" level="INFO">Typing text '8660101596' into text field 'xpath:/html/body/div[2]/div/div/div/div/div[2]/div/form/div[1]/input'.</msg>
<status status="PASS" starttime="20210907 20:32:21.132" endtime="20210907 20:32:21.492"/>
</kw>
<kw name="Input Password" library="SeleniumLibrary">
<arg>xpath:/html/body/div[2]/div/div/div/div/div[2]/div/form/div[2]/input</arg>
<arg>Test@123</arg>
<doc>Types the given password into the text field identified by ``locator``.</doc>
<msg timestamp="20210907 20:32:21.492" level="INFO">Typing password into text field 'xpath:/html/body/div[2]/div/div/div/div/div[2]/div/form/div[2]/input'.</msg>
<msg timestamp="20210907 20:32:21.572" level="INFO">Temporally setting log level to: NONE</msg>
<msg timestamp="20210907 20:32:21.692" level="INFO">Log level changed from NONE to INFO.</msg>
<status status="PASS" starttime="20210907 20:32:21.492" endtime="20210907 20:32:21.692"/>
</kw>
<status status="PASS" starttime="20210907 20:32:21.132" endtime="20210907 20:32:21.692"/>
</kw>
<kw name="Click on login">
<kw name="Click Button" library="SeleniumLibrary">
<arg>xpath:/html/body/div[2]/div/div/div/div/div[2]/div/form/div[4]/button</arg>
<doc>Clicks the button identified by ``locator``.</doc>
<msg timestamp="20210907 20:32:21.692" level="INFO">Clicking button 'xpath:/html/body/div[2]/div/div/div/div/div[2]/div/form/div[4]/button'.</msg>
<status status="PASS" starttime="20210907 20:32:21.692" endtime="20210907 20:32:21.900"/>
</kw>
<kw name="Maximize Browser Window" library="SeleniumLibrary">
<doc>Maximizes current browser window.</doc>
<status status="PASS" starttime="20210907 20:32:21.900" endtime="20210907 20:32:22.132"/>
</kw>
<kw name="Sleep" library="BuiltIn">
<arg>5</arg>
<doc>Pauses the test executed for the given time.</doc>
<msg timestamp="20210907 20:32:27.142" level="INFO">Slept 5 seconds</msg>
<status status="PASS" starttime="20210907 20:32:22.132" endtime="20210907 20:32:27.142"/>
</kw>
<status status="PASS" starttime="20210907 20:32:21.692" endtime="20210907 20:32:27.142"/>
</kw>
<kw name="then user searches for Powerbank">
<kw name="Input Text" library="SeleniumLibrary">
<arg>xpath://*[@id="container"]/div/div[1]/div[1]/div[2]/div[2]/form/div/div/input</arg>
<arg>mi power bank 20000mah</arg>
<doc>Types the given ``text`` into the text field identified by ``locator``.</doc>
<msg timestamp="20210907 20:32:27.142" level="INFO">Typing text 'mi power bank 20000mah' into text field 'xpath://*[@id="container"]/div/div[1]/div[1]/div[2]/div[2]/form/div/div/input'.</msg>
<status status="PASS" starttime="20210907 20:32:27.142" endtime="20210907 20:32:27.954"/>
</kw>
<kw name="Click Button" library="SeleniumLibrary">
<arg>xpath://*[@id="container"]/div/div[1]/div[1]/div[2]/div[2]/form/div/button</arg>
<doc>Clicks the button identified by ``locator``.</doc>
<msg timestamp="20210907 20:32:27.954" level="INFO">Clicking button 'xpath://*[@id="container"]/div/div[1]/div[1]/div[2]/div[2]/form/div/button'.</msg>
<status status="PASS" starttime="20210907 20:32:27.954" endtime="20210907 20:32:28.276"/>
</kw>
<status status="PASS" starttime="20210907 20:32:27.142" endtime="20210907 20:32:28.284"/>
</kw>
<kw name="user selects best selling Product then lands on product page">
<kw name="Wait Until Page Contains Element" library="SeleniumLibrary">
<arg>${select_product}</arg>
<arg>timeout=20s</arg>
<doc>Waits until the element ``locator`` appears on the current page.</doc>
<status status="PASS" starttime="20210907 20:32:28.284" endtime="20210907 20:32:29.543"/>
</kw>
<kw name="Click Element" library="SeleniumLibrary">
<arg>${select_product}</arg>
<doc>Click the element identified by ``locator``.</doc>
<msg timestamp="20210907 20:32:29.543" level="INFO">Clicking element 'xpath://*[@id="container"]/div/div[3]/div[1]/div[2]/div[2]/div/div[1]/div/a[1]/div[2]/div'.</msg>
<status status="PASS" starttime="20210907 20:32:29.543" endtime="20210907 20:32:29.799"/>
</kw>
<kw name="Switch Window" library="SeleniumLibrary">
<arg>${handle}</arg>
<doc>Switches to browser window matching ``locator``.</doc>
<status status="PASS" starttime="20210907 20:32:29.799" endtime="20210907 20:32:29.879"/>
</kw>
<status status="PASS" starttime="20210907 20:32:28.284" endtime="20210907 20:32:29.879"/>
</kw>
<kw name="user adds item to cart">
<kw name="Click Element" library="SeleniumLibrary">
<arg>xpath://*[@id="container"]/div/div[3]/div[1]/div[1]/div[2]/div/ul/li[1]/button</arg>
<doc>Click the element identified by ``locator``.</doc>
<msg timestamp="20210907 20:32:29.879" level="INFO">Clicking element 'xpath://*[@id="container"]/div/div[3]/div[1]/div[1]/div[2]/div/ul/li[1]/button'.</msg>
<status status="PASS" starttime="20210907 20:32:29.879" endtime="20210907 20:32:32.167"/>
</kw>
<status status="PASS" starttime="20210907 20:32:29.879" endtime="20210907 20:32:32.175"/>
</kw>
<kw name="user lands on cart and verifys cart">
<kw name="Switch Window" library="SeleniumLibrary">
<arg>${first}</arg>
<doc>Switches to browser window matching ``locator``.</doc>
<msg timestamp="20210907 20:32:32.175" level="FAIL">Variable '${first}' not found.</msg>
<status status="FAIL" starttime="20210907 20:32:32.175" endtime="20210907 20:32:32.175"/>
</kw>
<kw name="Wait Until Page Contains Element" library="SeleniumLibrary">
<arg>${select_prod}</arg>
<arg>timeout=20s</arg>
<doc>Waits until the element ``locator`` appears on the current page.</doc>
<status status="NOT RUN" starttime="20210907 20:32:32.183" endtime="20210907 20:32:32.183"/>
</kw>
<kw name="Click Element" library="SeleniumLibrary">
<arg>xpath://*[@id="container"]/div/div[1]/div[1]/div[2]/div[5]/div/div/a</arg>
<doc>Click the element identified by ``locator``.</doc>
<status status="NOT RUN" starttime="20210907 20:32:32.183" endtime="20210907 20:32:32.183"/>
</kw>
<status status="FAIL" starttime="20210907 20:32:32.175" endtime="20210907 20:32:32.183"/>
</kw>
<tag>regression</tag>
<tag>sanity</tag>
<status status="FAIL" starttime="20210907 20:32:15.493" endtime="20210907 20:32:32.183">Variable '${first}' not found.</status>
</test>
<status status="FAIL" starttime="20210907 20:32:15.133" endtime="20210907 20:32:32.191"/>
</suite>
<status status="FAIL" starttime="20210907 20:32:15.093" endtime="20210907 20:32:32.207"/>
</suite>
<statistics>
<total>
<stat pass="0" fail="1" skip="0">All Tests</stat>
</total>
<tag>
<stat pass="0" fail="1" skip="0">regression</stat>
<stat pass="0" fail="1" skip="0">sanity</stat>
</tag>
<suite>
<stat pass="0" fail="1" skip="0" id="s1" name="Tests">Tests</stat>
<stat pass="0" fail="1" skip="0" id="s1-s1" name="Testcase">Tests.Testcase</stat>
</suite>
</statistics>
<errors>
</errors>
</robot>
